[2022-05-24 08:57:53] [INFO]: Plugin(default): {"disabled":false,"json":false,"urls":["ws://localhost:8081/ws/cq/"],"event_filter":[],"api_filter":[],"regex_filter":"","regex_replace":"","extra_header":{"User-Agent":["GMC"]}} 
[2022-05-24 08:57:53] [INFO]: 端口号 9000 
[2022-05-24 08:57:53] [INFO]: 浏览器打开 http://localhost:9000/ 设置机器人 
[2022-05-24 08:58:15] [INFO]: 开始初始化设备信息 
[2022-05-24 08:58:15] [INFO]: 生成随机设备信息 
[2022-05-24 08:58:15] [INFO]: 使用 device/device-2015003223.json 内的设备信息覆盖设备信息 
[2022-05-24 08:58:15] [INFO]: 保存设备信息到文件 device/device-2015003223.json 
[2022-05-24 08:58:15] [INFO]: 设备信息 {"display":"GMC.622569.001","product":"gmc","device":"gmc","board":"gmc","model":"gmc","finger_print":"pbbot/gmc/gmc:10/PBBOT.200324.001/6568000:user/release-keys","boot_id":"54b15bf5-4c75-d415-2ca5-509e9d6f57f1","proc_version":"Linux 5.4.0-54-genericCW8XyX2J (android-build@gmail.com)","protocol":2,"imei":"803542585023393","brand":"pbbot","bootloader":"unknown","base_band":"","version":{"incremental":"5891938","release":"10","codename":"REL","sdk":29},"sim_info":"T-Mobile","os_type":"android","mac_address":"EC:D0:9F:0D:AA:AD","ip_address":[192,168,1,123],"wifi_bssid":"EC:D0:9F:0D:AA:AD","wifi_ssid":"TP-LINK-0D01CE","imsi_md5":"c50ad4d9da01d265d2ef230e68b1ee26","android_id":"d2ec76755b73462d","apn":"wifi","vendor_name":"MIUI","vendor_os_name":"gmc"} 
[2022-05-24 08:58:15] [INFO]: 创建机器人 2015003223 
[2022-05-24 08:58:16] [INFO]: 初始化日志 
[2022-05-24 08:58:16] [INFO]: 登录中... 
[2022-05-24 08:58:16] [INFO]: MiraiGo -> connect to server: 123.125.0.236:443 
[2022-05-24 08:58:17] [INFO]: 登录成功 
[2022-05-24 08:58:19] [INFO]: 收到服务器地址更新通知, 将在下一次重连时应用.  
[2022-05-24 08:58:22] [INFO]: 插件加载完成 
[2022-05-24 08:58:22] [INFO]: 刷新好友列表 
[2022-05-24 08:58:22] [INFO]: 共加载 5 个好友. 
[2022-05-24 08:58:22] [INFO]: 刷新群列表 
[2022-05-24 08:58:23] [INFO]: 共加载 6 个群. 
[2022-05-24 08:58:23] [INFO]: 开始连接Websocket服务器 [default](ws://localhost:8081/ws/cq/) 
[2022-05-24 08:58:23] [INFO]: 连接Websocket服务器成功 [default](ws://localhost:8081/ws/cq/) 
[2022-05-24 09:02:21] [ERROR]: failed to read message, err: websocket: close 1001 (going away): The web application is stopping 
[2022-05-24 09:02:21] [WARNING]: Websocket 服务器 [default](ws://localhost:8081/ws/cq/) 已断开，5秒后重连 
[2022-05-24 09:02:23] [ERROR]: failed to send websocket msg, send on closed channel 
[2022-05-24 09:02:26] [INFO]: 开始连接Websocket服务器 [default](ws://localhost:8081/ws/cq/) 
[2022-05-24 09:02:28] [WARNING]: 连接Websocket服务器 [default](ws://localhost:8081/ws/cq/) 错误，5秒后重连: dial tcp [::1]:8081: connectex: No connection could be made because the target machine actively refused it. 
[2022-05-24 09:02:33] [INFO]: 开始连接Websocket服务器 [default](ws://localhost:8081/ws/cq/) 
[2022-05-24 09:02:36] [WARNING]: 连接Websocket服务器 [default](ws://localhost:8081/ws/cq/) 错误，5秒后重连: dial tcp [::1]:8081: connectex: No connection could be made because the target machine actively refused it. 
[2022-05-24 09:02:41] [INFO]: 开始连接Websocket服务器 [default](ws://localhost:8081/ws/cq/) 
[2022-05-24 09:02:41] [INFO]: 连接Websocket服务器成功 [default](ws://localhost:8081/ws/cq/) 
[2022-05-24 09:03:34] [INFO]: Bot(2015003223) Private(745822558) -> 助力8
 
[2022-05-24 09:03:57] [INFO]: Bot(2015003223) Private(745822558) -> 助力 8 test
 
[2022-05-24 09:07:04] [ERROR]: failed to read message, err: websocket: close 1001 (going away): The web application is stopping 
[2022-05-24 09:07:04] [WARNING]: Websocket 服务器 [default](ws://localhost:8081/ws/cq/) 已断开，5秒后重连 
[2022-05-24 09:07:06] [ERROR]: failed to send websocket msg, send on closed channel 
[2022-05-24 09:07:09] [INFO]: 开始连接Websocket服务器 [default](ws://localhost:8081/ws/cq/) 
[2022-05-24 09:07:11] [WARNING]: 连接Websocket服务器 [default](ws://localhost:8081/ws/cq/) 错误，5秒后重连: dial tcp [::1]:8081: connectex: No connection could be made because the target machine actively refused it. 
[2022-05-24 09:07:16] [INFO]: 开始连接Websocket服务器 [default](ws://localhost:8081/ws/cq/) 
[2022-05-24 09:07:19] [WARNING]: 连接Websocket服务器 [default](ws://localhost:8081/ws/cq/) 错误，5秒后重连: dial tcp [::1]:8081: connectex: No connection could be made because the target machine actively refused it. 
[2022-05-24 09:07:24] [INFO]: 开始连接Websocket服务器 [default](ws://localhost:8081/ws/cq/) 
[2022-05-24 09:07:24] [INFO]: 连接Websocket服务器成功 [default](ws://localhost:8081/ws/cq/) 
[2022-05-24 09:07:40] [INFO]: Bot(2015003223) Private(745822558) -> 助力 8 test
 
[2022-05-24 09:07:48] [INFO]: Bot(2015003223) Private(745822558) -> 助力 8 test
 
[2022-05-24 09:08:12] [ERROR]: failed to read message, err: websocket: close 1001 (going away): The web application is stopping 
[2022-05-24 09:08:12] [WARNING]: Websocket 服务器 [default](ws://localhost:8081/ws/cq/) 已断开，5秒后重连 
[2022-05-24 09:08:14] [ERROR]: failed to send websocket msg, send on closed channel 
[2022-05-24 09:08:17] [INFO]: 开始连接Websocket服务器 [default](ws://localhost:8081/ws/cq/) 
[2022-05-24 09:08:19] [WARNING]: 连接Websocket服务器 [default](ws://localhost:8081/ws/cq/) 错误，5秒后重连: dial tcp [::1]:8081: connectex: No connection could be made because the target machine actively refused it. 
[2022-05-24 09:08:24] [INFO]: 开始连接Websocket服务器 [default](ws://localhost:8081/ws/cq/) 
[2022-05-24 09:08:27] [WARNING]: 连接Websocket服务器 [default](ws://localhost:8081/ws/cq/) 错误，5秒后重连: dial tcp [::1]:8081: connectex: No connection could be made because the target machine actively refused it. 
[2022-05-24 09:08:32] [INFO]: 开始连接Websocket服务器 [default](ws://localhost:8081/ws/cq/) 
[2022-05-24 09:08:32] [INFO]: 连接Websocket服务器成功 [default](ws://localhost:8081/ws/cq/) 
[2022-05-24 09:08:37] [INFO]: Bot(2015003223) Private(745822558) -> 助力 8 test
 
[2022-05-24 09:09:00] [ERROR]: failed to read message, err: websocket: close 1001 (going away): The web application is stopping 
[2022-05-24 09:09:00] [WARNING]: Websocket 服务器 [default](ws://localhost:8081/ws/cq/) 已断开，5秒后重连 
[2022-05-24 09:09:02] [ERROR]: failed to send websocket msg, send on closed channel 
[2022-05-24 09:09:05] [INFO]: 开始连接Websocket服务器 [default](ws://localhost:8081/ws/cq/) 
[2022-05-24 09:09:07] [WARNING]: 连接Websocket服务器 [default](ws://localhost:8081/ws/cq/) 错误，5秒后重连: dial tcp [::1]:8081: connectex: No connection could be made because the target machine actively refused it. 
[2022-05-24 09:09:12] [INFO]: 开始连接Websocket服务器 [default](ws://localhost:8081/ws/cq/) 
[2022-05-24 09:09:14] [WARNING]: 连接Websocket服务器 [default](ws://localhost:8081/ws/cq/) 错误，5秒后重连: dial tcp [::1]:8081: connectex: No connection could be made because the target machine actively refused it. 
[2022-05-24 09:09:19] [INFO]: 开始连接Websocket服务器 [default](ws://localhost:8081/ws/cq/) 
[2022-05-24 09:09:19] [INFO]: 连接Websocket服务器成功 [default](ws://localhost:8081/ws/cq/) 
[2022-05-24 09:09:45] [INFO]: Bot(2015003223) Private(745822558) -> 助力 8 test
 
[2022-05-24 09:10:25] [ERROR]: failed to read message, err: websocket: close 1001 (going away) 
[2022-05-24 09:10:25] [WARNING]: Websocket 服务器 [default](ws://localhost:8081/ws/cq/) 已断开，5秒后重连 
[2022-05-24 09:10:29] [ERROR]: failed to send websocket msg, send on closed channel 
[2022-05-24 09:10:30] [INFO]: 开始连接Websocket服务器 [default](ws://localhost:8081/ws/cq/) 
[2022-05-24 09:10:30] [INFO]: 连接Websocket服务器成功 [default](ws://localhost:8081/ws/cq/) 
[2022-05-24 09:10:58] [ERROR]: failed to read message, err: websocket: close 1001 (going away): The web application is stopping 
[2022-05-24 09:10:58] [WARNING]: Websocket 服务器 [default](ws://localhost:8081/ws/cq/) 已断开，5秒后重连 
[2022-05-24 09:11:00] [ERROR]: failed to send websocket msg, send on closed channel 
[2022-05-24 09:11:03] [INFO]: 开始连接Websocket服务器 [default](ws://localhost:8081/ws/cq/) 
[2022-05-24 09:11:06] [WARNING]: 连接Websocket服务器 [default](ws://localhost:8081/ws/cq/) 错误，5秒后重连: dial tcp [::1]:8081: connectex: No connection could be made because the target machine actively refused it. 
[2022-05-24 09:11:11] [INFO]: 开始连接Websocket服务器 [default](ws://localhost:8081/ws/cq/) 
[2022-05-24 09:11:13] [WARNING]: 连接Websocket服务器 [default](ws://localhost:8081/ws/cq/) 错误，5秒后重连: dial tcp [::1]:8081: connectex: No connection could be made because the target machine actively refused it. 
[2022-05-24 09:11:18] [INFO]: 开始连接Websocket服务器 [default](ws://localhost:8081/ws/cq/) 
[2022-05-24 09:11:18] [INFO]: 连接Websocket服务器成功 [default](ws://localhost:8081/ws/cq/) 
[2022-05-24 09:11:37] [INFO]: Bot(2015003223) Private(745822558) -> 助力 8 test
 
[2022-05-24 09:12:21] [ERROR]: failed to read message, err: websocket: close 1001 (going away): The web application is stopping 
[2022-05-24 09:12:21] [WARNING]: Websocket 服务器 [default](ws://localhost:8081/ws/cq/) 已断开，5秒后重连 
[2022-05-24 09:12:23] [ERROR]: failed to send websocket msg, send on closed channel 
[2022-05-24 09:12:26] [INFO]: 开始连接Websocket服务器 [default](ws://localhost:8081/ws/cq/) 
[2022-05-24 09:12:29] [WARNING]: 连接Websocket服务器 [default](ws://localhost:8081/ws/cq/) 错误，5秒后重连: dial tcp [::1]:8081: connectex: No connection could be made because the target machine actively refused it. 
[2022-05-24 09:12:34] [INFO]: 开始连接Websocket服务器 [default](ws://localhost:8081/ws/cq/) 
[2022-05-24 09:12:36] [WARNING]: 连接Websocket服务器 [default](ws://localhost:8081/ws/cq/) 错误，5秒后重连: dial tcp [::1]:8081: connectex: No connection could be made because the target machine actively refused it. 
[2022-05-24 09:12:41] [INFO]: 开始连接Websocket服务器 [default](ws://localhost:8081/ws/cq/) 
[2022-05-24 09:12:42] [INFO]: Bot(2015003223) Private(745822558) -> 助力 8 test
 
[2022-05-24 09:12:42] [INFO]: 连接Websocket服务器成功 [default](ws://localhost:8081/ws/cq/) 
[2022-05-24 09:12:46] [INFO]: Bot(2015003223) Private(745822558) -> 助力 8 test
 
[2022-05-24 09:15:01] [WARNING]: Websocket 服务器 [default](ws://localhost:8081/ws/cq/) 已断开，5秒后重连 
[2022-05-24 09:15:01] [ERROR]: failed to read message, err: websocket: close 1001 (going away): The web application is stopping 
[2022-05-24 09:15:02] [ERROR]: failed to send websocket msg, send on closed channel 
[2022-05-24 09:15:06] [INFO]: 开始连接Websocket服务器 [default](ws://localhost:8081/ws/cq/) 
[2022-05-24 09:15:09] [WARNING]: 连接Websocket服务器 [default](ws://localhost:8081/ws/cq/) 错误，5秒后重连: dial tcp [::1]:8081: connectex: No connection could be made because the target machine actively refused it. 
[2022-05-24 09:15:14] [INFO]: 开始连接Websocket服务器 [default](ws://localhost:8081/ws/cq/) 
[2022-05-24 09:15:16] [WARNING]: 连接Websocket服务器 [default](ws://localhost:8081/ws/cq/) 错误，5秒后重连: dial tcp [::1]:8081: connectex: No connection could be made because the target machine actively refused it. 
[2022-05-24 09:15:21] [INFO]: 开始连接Websocket服务器 [default](ws://localhost:8081/ws/cq/) 
[2022-05-24 09:15:21] [INFO]: 连接Websocket服务器成功 [default](ws://localhost:8081/ws/cq/) 
[2022-05-24 09:15:37] [INFO]: Bot(2015003223) Private(745822558) -> 助力 64 test
 
[2022-05-24 09:53:20] [ERROR]: failed to read message, err: websocket: close 1001 (going away): The web application is stopping 
[2022-05-24 09:53:20] [WARNING]: Websocket 服务器 [default](ws://localhost:8081/ws/cq/) 已断开，5秒后重连 
[2022-05-24 09:53:22] [ERROR]: failed to send websocket msg, send on closed channel 
[2022-05-24 09:53:25] [INFO]: 开始连接Websocket服务器 [default](ws://localhost:8081/ws/cq/) 
[2022-05-24 09:53:28] [WARNING]: 连接Websocket服务器 [default](ws://localhost:8081/ws/cq/) 错误，5秒后重连: dial tcp [::1]:8081: connectex: No connection could be made because the target machine actively refused it. 
[2022-05-24 09:53:33] [INFO]: 开始连接Websocket服务器 [default](ws://localhost:8081/ws/cq/) 
[2022-05-24 09:53:35] [WARNING]: 连接Websocket服务器 [default](ws://localhost:8081/ws/cq/) 错误，5秒后重连: dial tcp [::1]:8081: connectex: No connection could be made because the target machine actively refused it. 
[2022-05-24 09:53:40] [INFO]: 开始连接Websocket服务器 [default](ws://localhost:8081/ws/cq/) 
[2022-05-24 09:53:40] [INFO]: 连接Websocket服务器成功 [default](ws://localhost:8081/ws/cq/) 
[2022-05-24 09:54:05] [INFO]: Bot(2015003223) Private(745822558) -> 618金币助力 64 test
 
[2022-05-24 09:55:14] [WARNING]: Websocket 服务器 [default](ws://localhost:8081/ws/cq/) 已断开，5秒后重连 
[2022-05-24 09:55:14] [ERROR]: failed to read message, err: websocket: close 1001 (going away): The web application is stopping 
[2022-05-24 09:55:15] [ERROR]: failed to send websocket msg, send on closed channel 
[2022-05-24 09:55:19] [INFO]: 开始连接Websocket服务器 [default](ws://localhost:8081/ws/cq/) 
[2022-05-24 09:55:22] [WARNING]: 连接Websocket服务器 [default](ws://localhost:8081/ws/cq/) 错误，5秒后重连: dial tcp [::1]:8081: connectex: No connection could be made because the target machine actively refused it. 
[2022-05-24 09:55:27] [INFO]: 开始连接Websocket服务器 [default](ws://localhost:8081/ws/cq/) 
[2022-05-24 09:55:29] [WARNING]: 连接Websocket服务器 [default](ws://localhost:8081/ws/cq/) 错误，5秒后重连: dial tcp [::1]:8081: connectex: No connection could be made because the target machine actively refused it. 
[2022-05-24 09:55:34] [INFO]: 开始连接Websocket服务器 [default](ws://localhost:8081/ws/cq/) 
[2022-05-24 09:55:34] [INFO]: 连接Websocket服务器成功 [default](ws://localhost:8081/ws/cq/) 
[2022-05-24 09:55:50] [INFO]: Bot(2015003223) Private(745822558) -> 618金币助力 64 test
 
[2022-05-24 09:56:33] [INFO]: Bot(2015003223) Private(745822558) -> 618金币助力 64 test
 
[2022-05-24 09:59:25] [WARNING]: Websocket 服务器 [default](ws://localhost:8081/ws/cq/) 已断开，5秒后重连 
[2022-05-24 09:59:25] [ERROR]: failed to read message, err: websocket: close 1001 (going away): The web application is stopping 
[2022-05-24 09:59:29] [ERROR]: failed to send websocket msg, send on closed channel 
[2022-05-24 09:59:30] [INFO]: 开始连接Websocket服务器 [default](ws://localhost:8081/ws/cq/) 
[2022-05-24 09:59:33] [WARNING]: 连接Websocket服务器 [default](ws://localhost:8081/ws/cq/) 错误，5秒后重连: dial tcp [::1]:8081: connectex: No connection could be made because the target machine actively refused it. 
[2022-05-24 09:59:38] [INFO]: 开始连接Websocket服务器 [default](ws://localhost:8081/ws/cq/) 
[2022-05-24 09:59:40] [WARNING]: 连接Websocket服务器 [default](ws://localhost:8081/ws/cq/) 错误，5秒后重连: dial tcp [::1]:8081: connectex: No connection could be made because the target machine actively refused it. 
[2022-05-24 09:59:45] [INFO]: 开始连接Websocket服务器 [default](ws://localhost:8081/ws/cq/) 
[2022-05-24 09:59:45] [INFO]: 连接Websocket服务器成功 [default](ws://localhost:8081/ws/cq/) 
[2022-05-24 09:59:52] [INFO]: Bot(2015003223) Private(745822558) -> 618金币助力 64 test
 
[2022-05-24 10:00:22] [ERROR]: failed to read message, err: websocket: close 1001 (going away): The web application is stopping 
[2022-05-24 10:00:22] [WARNING]: Websocket 服务器 [default](ws://localhost:8081/ws/cq/) 已断开，5秒后重连 
[2022-05-24 10:00:25] [ERROR]: failed to send websocket msg, send on closed channel 
[2022-05-24 10:00:27] [INFO]: 开始连接Websocket服务器 [default](ws://localhost:8081/ws/cq/) 
[2022-05-24 10:00:29] [WARNING]: 连接Websocket服务器 [default](ws://localhost:8081/ws/cq/) 错误，5秒后重连: dial tcp [::1]:8081: connectex: No connection could be made because the target machine actively refused it. 
[2022-05-24 10:00:34] [INFO]: 开始连接Websocket服务器 [default](ws://localhost:8081/ws/cq/) 
[2022-05-24 10:00:37] [WARNING]: 连接Websocket服务器 [default](ws://localhost:8081/ws/cq/) 错误，5秒后重连: dial tcp [::1]:8081: connectex: No connection could be made because the target machine actively refused it. 
[2022-05-24 10:00:42] [INFO]: 开始连接Websocket服务器 [default](ws://localhost:8081/ws/cq/) 
[2022-05-24 10:00:44] [WARNING]: 连接Websocket服务器 [default](ws://localhost:8081/ws/cq/) 错误，5秒后重连: dial tcp [::1]:8081: connectex: No connection could be made because the target machine actively refused it. 
[2022-05-24 10:00:49] [INFO]: 开始连接Websocket服务器 [default](ws://localhost:8081/ws/cq/) 
[2022-05-24 10:00:49] [INFO]: 连接Websocket服务器成功 [default](ws://localhost:8081/ws/cq/) 
[2022-05-24 10:01:37] [INFO]: Bot(2015003223) Private(745822558) -> 618金币助力 64 test
 
[2022-05-24 10:17:20] [WARNING]: Websocket 服务器 [default](ws://localhost:8081/ws/cq/) 已断开，5秒后重连 
[2022-05-24 10:17:20] [ERROR]: failed to read message, err: websocket: close 1001 (going away): The web application is stopping 
[2022-05-24 10:17:25] [ERROR]: failed to send websocket msg, send on closed channel 
[2022-05-24 10:17:25] [INFO]: 开始连接Websocket服务器 [default](ws://localhost:8081/ws/cq/) 
[2022-05-24 10:17:27] [WARNING]: 连接Websocket服务器 [default](ws://localhost:8081/ws/cq/) 错误，5秒后重连: dial tcp [::1]:8081: connectex: No connection could be made because the target machine actively refused it. 
[2022-05-24 10:17:32] [INFO]: 开始连接Websocket服务器 [default](ws://localhost:8081/ws/cq/) 
[2022-05-24 10:17:35] [WARNING]: 连接Websocket服务器 [default](ws://localhost:8081/ws/cq/) 错误，5秒后重连: dial tcp [::1]:8081: connectex: No connection could be made because the target machine actively refused it. 
[2022-05-24 10:17:40] [INFO]: 开始连接Websocket服务器 [default](ws://localhost:8081/ws/cq/) 
[2022-05-24 10:17:42] [WARNING]: 连接Websocket服务器 [default](ws://localhost:8081/ws/cq/) 错误，5秒后重连: dial tcp [::1]:8081: connectex: No connection could be made because the target machine actively refused it. 
[2022-05-24 10:17:47] [INFO]: 开始连接Websocket服务器 [default](ws://localhost:8081/ws/cq/) 
[2022-05-24 10:17:49] [WARNING]: 连接Websocket服务器 [default](ws://localhost:8081/ws/cq/) 错误，5秒后重连: dial tcp [::1]:8081: connectex: No connection could be made because the target machine actively refused it. 
[2022-05-24 10:17:54] [INFO]: 开始连接Websocket服务器 [default](ws://localhost:8081/ws/cq/) 
[2022-05-24 10:17:57] [WARNING]: 连接Websocket服务器 [default](ws://localhost:8081/ws/cq/) 错误，5秒后重连: dial tcp [::1]:8081: connectex: No connection could be made because the target machine actively refused it. 
[2022-05-24 10:18:02] [INFO]: 开始连接Websocket服务器 [default](ws://localhost:8081/ws/cq/) 
[2022-05-24 10:18:04] [WARNING]: 连接Websocket服务器 [default](ws://localhost:8081/ws/cq/) 错误，5秒后重连: dial tcp [::1]:8081: connectex: No connection could be made because the target machine actively refused it. 
[2022-05-24 10:18:09] [INFO]: 开始连接Websocket服务器 [default](ws://localhost:8081/ws/cq/) 
[2022-05-24 10:18:11] [WARNING]: 连接Websocket服务器 [default](ws://localhost:8081/ws/cq/) 错误，5秒后重连: dial tcp [::1]:8081: connectex: No connection could be made because the target machine actively refused it. 
[2022-05-24 10:18:16] [INFO]: 开始连接Websocket服务器 [default](ws://localhost:8081/ws/cq/) 
[2022-05-24 10:18:19] [WARNING]: 连接Websocket服务器 [default](ws://localhost:8081/ws/cq/) 错误，5秒后重连: dial tcp [::1]:8081: connectex: No connection could be made because the target machine actively refused it. 
[2022-05-24 10:18:24] [INFO]: 开始连接Websocket服务器 [default](ws://localhost:8081/ws/cq/) 
[2022-05-24 10:18:26] [WARNING]: 连接Websocket服务器 [default](ws://localhost:8081/ws/cq/) 错误，5秒后重连: dial tcp [::1]:8081: connectex: No connection could be made because the target machine actively refused it. 
[2022-05-24 10:18:31] [INFO]: 开始连接Websocket服务器 [default](ws://localhost:8081/ws/cq/) 
[2022-05-24 10:18:33] [WARNING]: 连接Websocket服务器 [default](ws://localhost:8081/ws/cq/) 错误，5秒后重连: dial tcp [::1]:8081: connectex: No connection could be made because the target machine actively refused it. 
[2022-05-24 10:18:38] [INFO]: 开始连接Websocket服务器 [default](ws://localhost:8081/ws/cq/) 
[2022-05-24 10:18:41] [WARNING]: 连接Websocket服务器 [default](ws://localhost:8081/ws/cq/) 错误，5秒后重连: dial tcp [::1]:8081: connectex: No connection could be made because the target machine actively refused it. 
[2022-05-24 10:18:46] [INFO]: 开始连接Websocket服务器 [default](ws://localhost:8081/ws/cq/) 
[2022-05-24 10:18:48] [WARNING]: 连接Websocket服务器 [default](ws://localhost:8081/ws/cq/) 错误，5秒后重连: dial tcp [::1]:8081: connectex: No connection could be made because the target machine actively refused it. 
[2022-05-24 10:18:53] [INFO]: 开始连接Websocket服务器 [default](ws://localhost:8081/ws/cq/) 
[2022-05-24 10:18:55] [WARNING]: 连接Websocket服务器 [default](ws://localhost:8081/ws/cq/) 错误，5秒后重连: dial tcp [::1]:8081: connectex: No connection could be made because the target machine actively refused it. 
[2022-05-24 10:19:00] [INFO]: 开始连接Websocket服务器 [default](ws://localhost:8081/ws/cq/) 
[2022-05-24 10:19:03] [WARNING]: 连接Websocket服务器 [default](ws://localhost:8081/ws/cq/) 错误，5秒后重连: dial tcp [::1]:8081: connectex: No connection could be made because the target machine actively refused it. 
[2022-05-24 10:19:08] [INFO]: 开始连接Websocket服务器 [default](ws://localhost:8081/ws/cq/) 
[2022-05-24 10:19:10] [WARNING]: 连接Websocket服务器 [default](ws://localhost:8081/ws/cq/) 错误，5秒后重连: dial tcp [::1]:8081: connectex: No connection could be made because the target machine actively refused it. 
[2022-05-24 10:19:15] [INFO]: 开始连接Websocket服务器 [default](ws://localhost:8081/ws/cq/) 
[2022-05-24 10:19:17] [WARNING]: 连接Websocket服务器 [default](ws://localhost:8081/ws/cq/) 错误，5秒后重连: dial tcp [::1]:8081: connectex: No connection could be made because the target machine actively refused it. 
[2022-05-24 10:19:22] [INFO]: 开始连接Websocket服务器 [default](ws://localhost:8081/ws/cq/) 
[2022-05-24 10:19:24] [WARNING]: 连接Websocket服务器 [default](ws://localhost:8081/ws/cq/) 错误，5秒后重连: dial tcp [::1]:8081: connectex: No connection could be made because the target machine actively refused it. 
[2022-05-24 10:19:29] [INFO]: 开始连接Websocket服务器 [default](ws://localhost:8081/ws/cq/) 
[2022-05-24 10:19:32] [WARNING]: 连接Websocket服务器 [default](ws://localhost:8081/ws/cq/) 错误，5秒后重连: dial tcp [::1]:8081: connectex: No connection could be made because the target machine actively refused it. 
[2022-05-24 10:19:37] [INFO]: 开始连接Websocket服务器 [default](ws://localhost:8081/ws/cq/) 
[2022-05-24 10:19:39] [WARNING]: 连接Websocket服务器 [default](ws://localhost:8081/ws/cq/) 错误，5秒后重连: dial tcp [::1]:8081: connectex: No connection could be made because the target machine actively refused it. 
[2022-05-24 10:19:44] [INFO]: 开始连接Websocket服务器 [default](ws://localhost:8081/ws/cq/) 
[2022-05-24 10:19:46] [WARNING]: 连接Websocket服务器 [default](ws://localhost:8081/ws/cq/) 错误，5秒后重连: dial tcp [::1]:8081: connectex: No connection could be made because the target machine actively refused it. 
[2022-05-24 10:19:51] [INFO]: 开始连接Websocket服务器 [default](ws://localhost:8081/ws/cq/) 
